[
  {
    "level": "INFO",
    "message": "android.ndkVersion from module build.gradle is 20.0.5594570"
  },
  {
    "level": "INFO",
    "message": "ndk.dir in local.properties is not set"
  },
  {
    "level": "INFO",
    "message": "ANDROID_NDK_HOME environment variable is not set"
  },
  {
    "level": "INFO",
    "message": "sdkFolder is /Users/dengzhuoyao/Library/Android/sdk"
  },
  {
    "level": "INFO",
    "message": "Considering /Users/dengzhuoyao/Library/Android/sdk/ndk-bundle in SDK ndk-bundle folder"
  },
  {
    "level": "INFO",
    "message": "Considering /Users/dengzhuoyao/Library/Android/sdk/ndk/20.0.5594570 in SDK ndk folder"
  },
  {
    "level": "INFO",
    "message": "Rejected /Users/dengzhuoyao/Library/Android/sdk/ndk-bundle in SDK ndk-bundle folder because that location has no source.properties"
  },
  {
    "level": "INFO",
    "message": "Found requested NDK version 20.0.5594570 at /Users/dengzhuoyao/Library/Android/sdk/ndk/20.0.5594570"
  }
]